2021-02-04 15:25:05,237 DEBUG    root            Loaded Command Group: ['gcloud', 'components']
2021-02-04 15:25:05,241 DEBUG    root            Loaded Command Group: ['gcloud', 'components', 'update']
2021-02-04 15:25:05,244 DEBUG    root            Running [gcloud.components.update] with arguments: [--allow-no-backup: "True", --quiet: "True", COMPONENT-IDS:7: "['core', 'gcloud-deps', 'bq', 'gcloud', 'gsutil', 'anthoscli', 'kuberun']"]
2021-02-04 15:25:05,249 INFO     ___FILE_ONLY___ Beginning update. This process may take several minutes.

2021-02-04 15:25:17,390 INFO     ___FILE_ONLY___ 

2021-02-04 15:25:17,391 INFO     ___FILE_ONLY___ 
Your current Cloud SDK version is: 326.0.0

2021-02-04 15:25:17,391 INFO     ___FILE_ONLY___ Installing components from version: 326.0.0

2021-02-04 15:25:17,391 INFO     ___FILE_ONLY___ 

2021-02-04 15:25:17,567 INFO     ___FILE_ONLY___ ┌─────────────────────────────────────────────────────────────────────────────┐
2021-02-04 15:25:17,568 INFO     ___FILE_ONLY___ 

2021-02-04 15:25:17,568 INFO     ___FILE_ONLY___ │                     These components will be installed.                     │
2021-02-04 15:25:17,568 INFO     ___FILE_ONLY___ 

2021-02-04 15:25:17,568 INFO     ___FILE_ONLY___ ├─────────────────────────────────────────────────────┬────────────┬──────────┤
2021-02-04 15:25:17,568 INFO     ___FILE_ONLY___ 

2021-02-04 15:25:17,568 INFO     ___FILE_ONLY___ │                         Name                        │  Version   │   Size   │
2021-02-04 15:25:17,568 INFO     ___FILE_ONLY___ 

2021-02-04 15:25:17,569 INFO     ___FILE_ONLY___ ├─────────────────────────────────────────────────────┼────────────┼──────────┤
2021-02-04 15:25:17,569 INFO     ___FILE_ONLY___ 

2021-02-04 15:25:17,569 INFO     ___FILE_ONLY___ │ 
2021-02-04 15:25:17,569 INFO     ___FILE_ONLY___ BigQuery Command Line Tool                         
2021-02-04 15:25:17,569 INFO     ___FILE_ONLY___  
2021-02-04 15:25:17,569 INFO     ___FILE_ONLY___ │ 
2021-02-04 15:25:17,569 INFO     ___FILE_ONLY___     2.0.64
2021-02-04 15:25:17,570 INFO     ___FILE_ONLY___  
2021-02-04 15:25:17,570 INFO     ___FILE_ONLY___ │ 
2021-02-04 15:25:17,570 INFO     ___FILE_ONLY___  < 1 MiB
2021-02-04 15:25:17,570 INFO     ___FILE_ONLY___  
2021-02-04 15:25:17,570 INFO     ___FILE_ONLY___ │
2021-02-04 15:25:17,570 INFO     ___FILE_ONLY___ 

2021-02-04 15:25:17,570 INFO     ___FILE_ONLY___ │ 
2021-02-04 15:25:17,570 INFO     ___FILE_ONLY___ BigQuery Command Line Tool (Platform Specific)     
2021-02-04 15:25:17,570 INFO     ___FILE_ONLY___  
2021-02-04 15:25:17,571 INFO     ___FILE_ONLY___ │ 
2021-02-04 15:25:17,571 INFO     ___FILE_ONLY___     2.0.58
2021-02-04 15:25:17,571 INFO     ___FILE_ONLY___  
2021-02-04 15:25:17,571 INFO     ___FILE_ONLY___ │ 
2021-02-04 15:25:17,571 INFO     ___FILE_ONLY___  < 1 MiB
2021-02-04 15:25:17,571 INFO     ___FILE_ONLY___  
2021-02-04 15:25:17,571 INFO     ___FILE_ONLY___ │
2021-02-04 15:25:17,571 INFO     ___FILE_ONLY___ 

2021-02-04 15:25:17,571 INFO     ___FILE_ONLY___ │ 
2021-02-04 15:25:17,572 INFO     ___FILE_ONLY___ Cloud SDK Core Libraries (Platform Specific)       
2021-02-04 15:25:17,572 INFO     ___FILE_ONLY___  
2021-02-04 15:25:17,572 INFO     ___FILE_ONLY___ │ 
2021-02-04 15:25:17,572 INFO     ___FILE_ONLY___ 2020.07.10
2021-02-04 15:25:17,572 INFO     ___FILE_ONLY___  
2021-02-04 15:25:17,572 INFO     ___FILE_ONLY___ │ 
2021-02-04 15:25:17,572 INFO     ___FILE_ONLY___  < 1 MiB
2021-02-04 15:25:17,572 INFO     ___FILE_ONLY___  
2021-02-04 15:25:17,573 INFO     ___FILE_ONLY___ │
2021-02-04 15:25:17,573 INFO     ___FILE_ONLY___ 

2021-02-04 15:25:17,573 INFO     ___FILE_ONLY___ │ 
2021-02-04 15:25:17,573 INFO     ___FILE_ONLY___ Cloud Storage Command Line Tool                    
2021-02-04 15:25:17,573 INFO     ___FILE_ONLY___  
2021-02-04 15:25:17,573 INFO     ___FILE_ONLY___ │ 
2021-02-04 15:25:17,573 INFO     ___FILE_ONLY___       4.58
2021-02-04 15:25:17,573 INFO     ___FILE_ONLY___  
2021-02-04 15:25:17,573 INFO     ___FILE_ONLY___ │ 
2021-02-04 15:25:17,574 INFO     ___FILE_ONLY___  3.9 MiB
2021-02-04 15:25:17,574 INFO     ___FILE_ONLY___  
2021-02-04 15:25:17,574 INFO     ___FILE_ONLY___ │
2021-02-04 15:25:17,574 INFO     ___FILE_ONLY___ 

2021-02-04 15:25:17,574 INFO     ___FILE_ONLY___ │ 
2021-02-04 15:25:17,574 INFO     ___FILE_ONLY___ Cloud Storage Command Line Tool (Platform Specific)
2021-02-04 15:25:17,574 INFO     ___FILE_ONLY___  
2021-02-04 15:25:17,574 INFO     ___FILE_ONLY___ │ 
2021-02-04 15:25:17,575 INFO     ___FILE_ONLY___       4.51
2021-02-04 15:25:17,575 INFO     ___FILE_ONLY___  
2021-02-04 15:25:17,575 INFO     ___FILE_ONLY___ │ 
2021-02-04 15:25:17,575 INFO     ___FILE_ONLY___  < 1 MiB
2021-02-04 15:25:17,575 INFO     ___FILE_ONLY___  
2021-02-04 15:25:17,575 INFO     ___FILE_ONLY___ │
2021-02-04 15:25:17,575 INFO     ___FILE_ONLY___ 

2021-02-04 15:25:17,575 INFO     ___FILE_ONLY___ │ 
2021-02-04 15:25:17,575 INFO     ___FILE_ONLY___ Kuberun                                            
2021-02-04 15:25:17,576 INFO     ___FILE_ONLY___  
2021-02-04 15:25:17,576 INFO     ___FILE_ONLY___ │ 
2021-02-04 15:25:17,576 INFO     ___FILE_ONLY___      0.0.1
2021-02-04 15:25:17,576 INFO     ___FILE_ONLY___  
2021-02-04 15:25:17,576 INFO     ___FILE_ONLY___ │ 
2021-02-04 15:25:17,576 INFO     ___FILE_ONLY___ 23.5 MiB
2021-02-04 15:25:17,576 INFO     ___FILE_ONLY___  
2021-02-04 15:25:17,576 INFO     ___FILE_ONLY___ │
2021-02-04 15:25:17,576 INFO     ___FILE_ONLY___ 

2021-02-04 15:25:17,577 INFO     ___FILE_ONLY___ │ 
2021-02-04 15:25:17,577 INFO     ___FILE_ONLY___ anthoscli                                          
2021-02-04 15:25:17,577 INFO     ___FILE_ONLY___  
2021-02-04 15:25:17,577 INFO     ___FILE_ONLY___ │ 
2021-02-04 15:25:17,577 INFO     ___FILE_ONLY___      0.2.7
2021-02-04 15:25:17,577 INFO     ___FILE_ONLY___  
2021-02-04 15:25:17,577 INFO     ___FILE_ONLY___ │ 
2021-02-04 15:25:17,578 INFO     ___FILE_ONLY___ 51.7 MiB
2021-02-04 15:25:17,578 INFO     ___FILE_ONLY___  
2021-02-04 15:25:17,578 INFO     ___FILE_ONLY___ │
2021-02-04 15:25:17,578 INFO     ___FILE_ONLY___ 

2021-02-04 15:25:17,578 INFO     ___FILE_ONLY___ │ 
2021-02-04 15:25:17,578 INFO     ___FILE_ONLY___ gcloud cli dependencies                            
2021-02-04 15:25:17,578 INFO     ___FILE_ONLY___  
2021-02-04 15:25:17,579 INFO     ___FILE_ONLY___ │ 
2021-02-04 15:25:17,579 INFO     ___FILE_ONLY___ 2020.06.12
2021-02-04 15:25:17,579 INFO     ___FILE_ONLY___  
2021-02-04 15:25:17,579 INFO     ___FILE_ONLY___ │ 
2021-02-04 15:25:17,579 INFO     ___FILE_ONLY___  < 1 MiB
2021-02-04 15:25:17,579 INFO     ___FILE_ONLY___  
2021-02-04 15:25:17,580 INFO     ___FILE_ONLY___ │
2021-02-04 15:25:17,580 INFO     ___FILE_ONLY___ 

2021-02-04 15:25:17,580 INFO     ___FILE_ONLY___ └─────────────────────────────────────────────────────┴────────────┴──────────┘
2021-02-04 15:25:17,580 INFO     ___FILE_ONLY___ 

2021-02-04 15:25:17,580 INFO     ___FILE_ONLY___ 

2021-02-04 15:25:17,694 INFO     ___FILE_ONLY___ For the latest full release notes, please visit:
  https://cloud.google.com/sdk/release_notes


2021-02-04 15:25:17,699 INFO     ___FILE_ONLY___ ╔════════════════════════════════════════════════════════════╗

2021-02-04 15:25:17,699 INFO     ___FILE_ONLY___ ╠═ Creating update staging area                             ═╣

2021-02-04 15:25:17,699 INFO     ___FILE_ONLY___ ╚
2021-02-04 15:25:17,699 INFO     ___FILE_ONLY___ ══════
2021-02-04 15:25:17,699 INFO     ___FILE_ONLY___ ══════
2021-02-04 15:25:17,700 INFO     ___FILE_ONLY___ ══════
2021-02-04 15:25:17,926 INFO     ___FILE_ONLY___ ═
2021-02-04 15:25:17,972 INFO     ___FILE_ONLY___ ═
2021-02-04 15:25:18,024 INFO     ___FILE_ONLY___ ═
2021-02-04 15:25:18,072 INFO     ___FILE_ONLY___ ═
2021-02-04 15:25:18,122 INFO     ___FILE_ONLY___ ═
2021-02-04 15:25:18,167 INFO     ___FILE_ONLY___ ═
2021-02-04 15:25:18,218 INFO     ___FILE_ONLY___ ═
2021-02-04 15:25:18,272 INFO     ___FILE_ONLY___ ═
2021-02-04 15:25:18,336 INFO     ___FILE_ONLY___ ═
2021-02-04 15:25:18,379 INFO     ___FILE_ONLY___ ═
2021-02-04 15:25:18,439 INFO     ___FILE_ONLY___ ═
2021-02-04 15:25:18,510 INFO     ___FILE_ONLY___ ═
2021-02-04 15:25:18,564 INFO     ___FILE_ONLY___ ═
2021-02-04 15:25:18,764 INFO     ___FILE_ONLY___ ═
2021-02-04 15:25:18,840 INFO     ___FILE_ONLY___ ═
2021-02-04 15:25:18,878 INFO     ___FILE_ONLY___ ═
2021-02-04 15:25:18,905 INFO     ___FILE_ONLY___ ═
2021-02-04 15:25:18,930 INFO     ___FILE_ONLY___ ═
2021-02-04 15:25:18,955 INFO     ___FILE_ONLY___ ═
2021-02-04 15:25:18,981 INFO     ___FILE_ONLY___ ═
2021-02-04 15:25:19,007 INFO     ___FILE_ONLY___ ═
2021-02-04 15:25:19,035 INFO     ___FILE_ONLY___ ═
2021-02-04 15:25:19,068 INFO     ___FILE_ONLY___ ═
2021-02-04 15:25:19,126 INFO     ___FILE_ONLY___ ═
2021-02-04 15:25:19,167 INFO     ___FILE_ONLY___ ═
2021-02-04 15:25:19,261 INFO     ___FILE_ONLY___ ═
2021-02-04 15:25:19,335 INFO     ___FILE_ONLY___ ═
2021-02-04 15:25:19,480 INFO     ___FILE_ONLY___ ═
2021-02-04 15:25:19,606 INFO     ___FILE_ONLY___ ═
2021-02-04 15:25:19,656 INFO     ___FILE_ONLY___ ═
2021-02-04 15:25:19,708 INFO     ___FILE_ONLY___ ═
2021-02-04 15:25:19,764 INFO     ___FILE_ONLY___ ═
2021-02-04 15:25:19,819 INFO     ___FILE_ONLY___ ═
2021-02-04 15:25:19,877 INFO     ___FILE_ONLY___ ═
2021-02-04 15:25:19,927 INFO     ___FILE_ONLY___ ═
2021-02-04 15:25:19,981 INFO     ___FILE_ONLY___ ═
2021-02-04 15:25:20,050 INFO     ___FILE_ONLY___ ═
2021-02-04 15:25:20,130 INFO     ___FILE_ONLY___ ═
2021-02-04 15:25:20,191 INFO     ___FILE_ONLY___ ═
2021-02-04 15:25:20,250 INFO     ___FILE_ONLY___ ═
2021-02-04 15:25:20,301 INFO     ___FILE_ONLY___ ═
2021-02-04 15:25:20,370 INFO     ___FILE_ONLY___ ═
2021-02-04 15:25:20,371 INFO     ___FILE_ONLY___ ╝

2021-02-04 15:25:20,448 INFO     ___FILE_ONLY___ ╔════════════════════════════════════════════════════════════╗

2021-02-04 15:25:20,449 INFO     ___FILE_ONLY___ ╠═ Installing: BigQuery Command Line Tool                   ═╣

2021-02-04 15:25:20,449 INFO     ___FILE_ONLY___ ╚
2021-02-04 15:25:20,541 INFO     ___FILE_ONLY___ ═
2021-02-04 15:25:20,541 INFO     ___FILE_ONLY___ ═
2021-02-04 15:25:20,542 INFO     ___FILE_ONLY___ ═
2021-02-04 15:25:20,543 INFO     ___FILE_ONLY___ ═
2021-02-04 15:25:20,544 INFO     ___FILE_ONLY___ ═
2021-02-04 15:25:20,544 INFO     ___FILE_ONLY___ ═
2021-02-04 15:25:20,545 INFO     ___FILE_ONLY___ ═
2021-02-04 15:25:20,545 INFO     ___FILE_ONLY___ ═
2021-02-04 15:25:20,546 INFO     ___FILE_ONLY___ ═
2021-02-04 15:25:20,547 INFO     ___FILE_ONLY___ ═
2021-02-04 15:25:20,547 INFO     ___FILE_ONLY___ ═
2021-02-04 15:25:20,548 INFO     ___FILE_ONLY___ ═
2021-02-04 15:25:20,548 INFO     ___FILE_ONLY___ ═
2021-02-04 15:25:20,549 INFO     ___FILE_ONLY___ ═
2021-02-04 15:25:20,549 INFO     ___FILE_ONLY___ ═
2021-02-04 15:25:20,550 INFO     ___FILE_ONLY___ ═
2021-02-04 15:25:20,551 INFO     ___FILE_ONLY___ ═
2021-02-04 15:25:20,551 INFO     ___FILE_ONLY___ ═
2021-02-04 15:25:20,552 INFO     ___FILE_ONLY___ ═
2021-02-04 15:25:20,552 INFO     ___FILE_ONLY___ ═
2021-02-04 15:25:20,553 INFO     ___FILE_ONLY___ ═
2021-02-04 15:25:20,553 INFO     ___FILE_ONLY___ ═
2021-02-04 15:25:20,554 INFO     ___FILE_ONLY___ ═
2021-02-04 15:25:20,554 INFO     ___FILE_ONLY___ ═
2021-02-04 15:25:20,555 INFO     ___FILE_ONLY___ ═
2021-02-04 15:25:20,555 INFO     ___FILE_ONLY___ ═
2021-02-04 15:25:20,556 INFO     ___FILE_ONLY___ ═
2021-02-04 15:25:20,556 INFO     ___FILE_ONLY___ ═
2021-02-04 15:25:20,557 INFO     ___FILE_ONLY___ ═
2021-02-04 15:25:20,559 INFO     ___FILE_ONLY___ ═
2021-02-04 15:25:20,615 INFO     ___FILE_ONLY___ ═
2021-02-04 15:25:20,624 INFO     ___FILE_ONLY___ ═
2021-02-04 15:25:20,628 INFO     ___FILE_ONLY___ ═
2021-02-04 15:25:20,632 INFO     ___FILE_ONLY___ ═
2021-02-04 15:25:20,634 INFO     ___FILE_ONLY___ ═
2021-02-04 15:25:20,638 INFO     ___FILE_ONLY___ ═
2021-02-04 15:25:20,642 INFO     ___FILE_ONLY___ ═
2021-02-04 15:25:20,645 INFO     ___FILE_ONLY___ ═
2021-02-04 15:25:20,648 INFO     ___FILE_ONLY___ ═
2021-02-04 15:25:20,651 INFO     ___FILE_ONLY___ ═
2021-02-04 15:25:20,658 INFO     ___FILE_ONLY___ ═
2021-02-04 15:25:20,661 INFO     ___FILE_ONLY___ ═
2021-02-04 15:25:20,664 INFO     ___FILE_ONLY___ ═
2021-02-04 15:25:20,668 INFO     ___FILE_ONLY___ ═
2021-02-04 15:25:20,671 INFO     ___FILE_ONLY___ ═
2021-02-04 15:25:20,673 INFO     ___FILE_ONLY___ ═
2021-02-04 15:25:20,676 INFO     ___FILE_ONLY___ ═
2021-02-04 15:25:20,679 INFO     ___FILE_ONLY___ ═
2021-02-04 15:25:20,682 INFO     ___FILE_ONLY___ ═
2021-02-04 15:25:20,686 INFO     ___FILE_ONLY___ ═
2021-02-04 15:25:20,689 INFO     ___FILE_ONLY___ ═
2021-02-04 15:25:20,692 INFO     ___FILE_ONLY___ ═
2021-02-04 15:25:20,695 INFO     ___FILE_ONLY___ ═
2021-02-04 15:25:20,698 INFO     ___FILE_ONLY___ ═
2021-02-04 15:25:20,701 INFO     ___FILE_ONLY___ ═
2021-02-04 15:25:20,704 INFO     ___FILE_ONLY___ ═
2021-02-04 15:25:20,708 INFO     ___FILE_ONLY___ ═
2021-02-04 15:25:20,711 INFO     ___FILE_ONLY___ ═
2021-02-04 15:25:20,714 INFO     ___FILE_ONLY___ ═
2021-02-04 15:25:20,717 INFO     ___FILE_ONLY___ ═
2021-02-04 15:25:20,717 INFO     ___FILE_ONLY___ ╝

2021-02-04 15:25:20,731 INFO     ___FILE_ONLY___ ╔════════════════════════════════════════════════════════════╗

2021-02-04 15:25:20,731 INFO     ___FILE_ONLY___ ╠═ Installing: BigQuery Command Line Tool (Platform Spec... ═╣

2021-02-04 15:25:20,732 INFO     ___FILE_ONLY___ ╚
2021-02-04 15:25:20,827 INFO     ___FILE_ONLY___ ══════════════════════════════
2021-02-04 15:25:20,828 INFO     ___FILE_ONLY___ ══════════════════════════════
2021-02-04 15:25:20,829 INFO     ___FILE_ONLY___ ╝

2021-02-04 15:25:20,838 INFO     ___FILE_ONLY___ ╔════════════════════════════════════════════════════════════╗

2021-02-04 15:25:20,838 INFO     ___FILE_ONLY___ ╠═ Installing: Cloud SDK Core Libraries (Platform Specific) ═╣

2021-02-04 15:25:20,838 INFO     ___FILE_ONLY___ ╚
2021-02-04 15:25:20,933 INFO     ___FILE_ONLY___ ══════════════════════════════
2021-02-04 15:25:20,934 INFO     ___FILE_ONLY___ ═══════════════
2021-02-04 15:25:20,935 INFO     ___FILE_ONLY___ ═══════════════
2021-02-04 15:25:20,935 INFO     ___FILE_ONLY___ ╝

2021-02-04 15:25:20,944 INFO     ___FILE_ONLY___ ╔════════════════════════════════════════════════════════════╗

2021-02-04 15:25:20,945 INFO     ___FILE_ONLY___ ╠═ Installing: Cloud Storage Command Line Tool              ═╣

2021-02-04 15:25:20,945 INFO     ___FILE_ONLY___ ╚
2021-02-04 15:25:20,984 INFO     ___FILE_ONLY___ ═
2021-02-04 15:25:20,986 INFO     ___FILE_ONLY___ ═
2021-02-04 15:25:20,988 INFO     ___FILE_ONLY___ ═
2021-02-04 15:25:20,989 INFO     ___FILE_ONLY___ ═
2021-02-04 15:25:20,991 INFO     ___FILE_ONLY___ ═
2021-02-04 15:25:20,993 INFO     ___FILE_ONLY___ ═
2021-02-04 15:25:20,994 INFO     ___FILE_ONLY___ ═
2021-02-04 15:25:20,996 INFO     ___FILE_ONLY___ ═
2021-02-04 15:25:20,998 INFO     ___FILE_ONLY___ ═
2021-02-04 15:25:20,999 INFO     ___FILE_ONLY___ ═
2021-02-04 15:25:21,001 INFO     ___FILE_ONLY___ ═
2021-02-04 15:25:21,002 INFO     ___FILE_ONLY___ ═
2021-02-04 15:25:21,004 INFO     ___FILE_ONLY___ ═
2021-02-04 15:25:21,006 INFO     ___FILE_ONLY___ ═
2021-02-04 15:25:21,007 INFO     ___FILE_ONLY___ ═
2021-02-04 15:25:21,009 INFO     ___FILE_ONLY___ ═
2021-02-04 15:25:21,009 INFO     ___FILE_ONLY___ ═
2021-02-04 15:25:21,010 INFO     ___FILE_ONLY___ ═
2021-02-04 15:25:21,011 INFO     ___FILE_ONLY___ ═
2021-02-04 15:25:21,012 INFO     ___FILE_ONLY___ ═
2021-02-04 15:25:21,012 INFO     ___FILE_ONLY___ ═
2021-02-04 15:25:21,013 INFO     ___FILE_ONLY___ ═
2021-02-04 15:25:21,014 INFO     ___FILE_ONLY___ ═
2021-02-04 15:25:21,015 INFO     ___FILE_ONLY___ ═
2021-02-04 15:25:21,015 INFO     ___FILE_ONLY___ ═
2021-02-04 15:25:21,016 INFO     ___FILE_ONLY___ ═
2021-02-04 15:25:21,017 INFO     ___FILE_ONLY___ ═
2021-02-04 15:25:21,017 INFO     ___FILE_ONLY___ ═
2021-02-04 15:25:21,018 INFO     ___FILE_ONLY___ ═
2021-02-04 15:25:21,020 INFO     ___FILE_ONLY___ ═
2021-02-04 15:25:21,310 INFO     ___FILE_ONLY___ ═
2021-02-04 15:25:21,334 INFO     ___FILE_ONLY___ ═
2021-02-04 15:25:21,351 INFO     ___FILE_ONLY___ ═
2021-02-04 15:25:21,371 INFO     ___FILE_ONLY___ ═
2021-02-04 15:25:21,388 INFO     ___FILE_ONLY___ ═
2021-02-04 15:25:21,405 INFO     ___FILE_ONLY___ ═
2021-02-04 15:25:21,422 INFO     ___FILE_ONLY___ ═
2021-02-04 15:25:21,441 INFO     ___FILE_ONLY___ ═
2021-02-04 15:25:21,457 INFO     ___FILE_ONLY___ ═
2021-02-04 15:25:21,476 INFO     ___FILE_ONLY___ ═
2021-02-04 15:25:21,494 INFO     ___FILE_ONLY___ ═
2021-02-04 15:25:21,514 INFO     ___FILE_ONLY___ ═
2021-02-04 15:25:21,539 INFO     ___FILE_ONLY___ ═
2021-02-04 15:25:21,567 INFO     ___FILE_ONLY___ ═
2021-02-04 15:25:21,587 INFO     ___FILE_ONLY___ ═
2021-02-04 15:25:21,611 INFO     ___FILE_ONLY___ ═
2021-02-04 15:25:21,632 INFO     ___FILE_ONLY___ ═
2021-02-04 15:25:21,655 INFO     ___FILE_ONLY___ ═
2021-02-04 15:25:21,677 INFO     ___FILE_ONLY___ ═
2021-02-04 15:25:21,696 INFO     ___FILE_ONLY___ ═
2021-02-04 15:25:21,714 INFO     ___FILE_ONLY___ ═
2021-02-04 15:25:21,731 INFO     ___FILE_ONLY___ ═
2021-02-04 15:25:21,748 INFO     ___FILE_ONLY___ ═
2021-02-04 15:25:21,765 INFO     ___FILE_ONLY___ ═
2021-02-04 15:25:21,781 INFO     ___FILE_ONLY___ ═
2021-02-04 15:25:21,796 INFO     ___FILE_ONLY___ ═
2021-02-04 15:25:21,814 INFO     ___FILE_ONLY___ ═
2021-02-04 15:25:21,830 INFO     ___FILE_ONLY___ ═
2021-02-04 15:25:21,855 INFO     ___FILE_ONLY___ ═
2021-02-04 15:25:21,881 INFO     ___FILE_ONLY___ ═
2021-02-04 15:25:21,881 INFO     ___FILE_ONLY___ ╝

2021-02-04 15:25:21,935 INFO     ___FILE_ONLY___ ╔════════════════════════════════════════════════════════════╗

2021-02-04 15:25:21,936 INFO     ___FILE_ONLY___ ╠═ Installing: Cloud Storage Command Line Tool (Platform... ═╣

2021-02-04 15:25:21,936 INFO     ___FILE_ONLY___ ╚
2021-02-04 15:25:22,030 INFO     ___FILE_ONLY___ ══════════════════════════════
2021-02-04 15:25:22,031 INFO     ___FILE_ONLY___ ══════════════════════════════
2021-02-04 15:25:22,032 INFO     ___FILE_ONLY___ ╝

2021-02-04 15:25:22,041 INFO     ___FILE_ONLY___ ╔════════════════════════════════════════════════════════════╗

2021-02-04 15:25:22,041 INFO     ___FILE_ONLY___ ╠═ Installing: Default set of gcloud commands               ═╣

2021-02-04 15:25:22,041 INFO     ___FILE_ONLY___ ╚
2021-02-04 15:25:22,046 INFO     ___FILE_ONLY___ ════════════════════════════════════════════════════════════
2021-02-04 15:25:22,046 INFO     ___FILE_ONLY___ ╝

2021-02-04 15:25:22,050 INFO     ___FILE_ONLY___ ╔════════════════════════════════════════════════════════════╗

2021-02-04 15:25:22,050 INFO     ___FILE_ONLY___ ╠═ Installing: Kuberun                                      ═╣

2021-02-04 15:25:22,050 INFO     ___FILE_ONLY___ ╚
2021-02-04 15:25:22,055 INFO     ___FILE_ONLY___ ════════════════════════════════════════════════════════════
2021-02-04 15:25:22,055 INFO     ___FILE_ONLY___ ╝

2021-02-04 15:25:22,059 INFO     ___FILE_ONLY___ ╔════════════════════════════════════════════════════════════╗

2021-02-04 15:25:22,059 INFO     ___FILE_ONLY___ ╠═ Installing: Kuberun                                      ═╣

2021-02-04 15:25:22,059 INFO     ___FILE_ONLY___ ╚
2021-02-04 15:25:22,228 INFO     ___FILE_ONLY___ ═
2021-02-04 15:25:22,240 INFO     ___FILE_ONLY___ ═
2021-02-04 15:25:22,247 INFO     ___FILE_ONLY___ ═
2021-02-04 15:25:22,252 INFO     ___FILE_ONLY___ ═
2021-02-04 15:25:22,256 INFO     ___FILE_ONLY___ ═
2021-02-04 15:25:22,263 INFO     ___FILE_ONLY___ ═
2021-02-04 15:25:22,269 INFO     ___FILE_ONLY___ ═
2021-02-04 15:25:22,273 INFO     ___FILE_ONLY___ ═
2021-02-04 15:25:22,278 INFO     ___FILE_ONLY___ ═
2021-02-04 15:25:22,281 INFO     ___FILE_ONLY___ ═
2021-02-04 15:25:22,288 INFO     ___FILE_ONLY___ ═
2021-02-04 15:25:22,293 INFO     ___FILE_ONLY___ ═
2021-02-04 15:25:22,297 INFO     ___FILE_ONLY___ ═
2021-02-04 15:25:22,302 INFO     ___FILE_ONLY___ ═
2021-02-04 15:25:22,307 INFO     ___FILE_ONLY___ ═
2021-02-04 15:25:22,311 INFO     ___FILE_ONLY___ ═
2021-02-04 15:25:22,316 INFO     ___FILE_ONLY___ ═
2021-02-04 15:25:22,321 INFO     ___FILE_ONLY___ ═
2021-02-04 15:25:22,329 INFO     ___FILE_ONLY___ ═
2021-02-04 15:25:22,339 INFO     ___FILE_ONLY___ ═
2021-02-04 15:25:22,344 INFO     ___FILE_ONLY___ ═
2021-02-04 15:25:22,348 INFO     ___FILE_ONLY___ ═
2021-02-04 15:25:22,352 INFO     ___FILE_ONLY___ ═
2021-02-04 15:25:22,356 INFO     ___FILE_ONLY___ ═
2021-02-04 15:25:22,360 INFO     ___FILE_ONLY___ ═
2021-02-04 15:25:22,364 INFO     ___FILE_ONLY___ ═
2021-02-04 15:25:22,372 INFO     ___FILE_ONLY___ ═
2021-02-04 15:25:22,376 INFO     ___FILE_ONLY___ ═
2021-02-04 15:25:22,380 INFO     ___FILE_ONLY___ ═
2021-02-04 15:25:22,385 INFO     ___FILE_ONLY___ ═
2021-02-04 15:25:23,309 INFO     ___FILE_ONLY___ ═
2021-02-04 15:25:23,309 INFO     ___FILE_ONLY___ ═
2021-02-04 15:25:23,310 INFO     ___FILE_ONLY___ ═
2021-02-04 15:25:23,310 INFO     ___FILE_ONLY___ ═
2021-02-04 15:25:23,311 INFO     ___FILE_ONLY___ ═
2021-02-04 15:25:23,311 INFO     ___FILE_ONLY___ ═
2021-02-04 15:25:23,312 INFO     ___FILE_ONLY___ ═
2021-02-04 15:25:23,312 INFO     ___FILE_ONLY___ ═
2021-02-04 15:25:23,313 INFO     ___FILE_ONLY___ ═
2021-02-04 15:25:23,313 INFO     ___FILE_ONLY___ ═
2021-02-04 15:25:23,314 INFO     ___FILE_ONLY___ ═
2021-02-04 15:25:23,314 INFO     ___FILE_ONLY___ ═
2021-02-04 15:25:23,315 INFO     ___FILE_ONLY___ ═
2021-02-04 15:25:23,315 INFO     ___FILE_ONLY___ ═
2021-02-04 15:25:23,316 INFO     ___FILE_ONLY___ ═
2021-02-04 15:25:23,317 INFO     ___FILE_ONLY___ ═
2021-02-04 15:25:23,317 INFO     ___FILE_ONLY___ ═
2021-02-04 15:25:23,318 INFO     ___FILE_ONLY___ ═
2021-02-04 15:25:23,318 INFO     ___FILE_ONLY___ ═
2021-02-04 15:25:23,319 INFO     ___FILE_ONLY___ ═
2021-02-04 15:25:23,319 INFO     ___FILE_ONLY___ ═
2021-02-04 15:25:23,319 INFO     ___FILE_ONLY___ ═
2021-02-04 15:25:23,320 INFO     ___FILE_ONLY___ ═
2021-02-04 15:25:23,320 INFO     ___FILE_ONLY___ ═
2021-02-04 15:25:23,321 INFO     ___FILE_ONLY___ ═
2021-02-04 15:25:23,322 INFO     ___FILE_ONLY___ ═
2021-02-04 15:25:23,322 INFO     ___FILE_ONLY___ ═
2021-02-04 15:25:23,323 INFO     ___FILE_ONLY___ ═
2021-02-04 15:25:23,323 INFO     ___FILE_ONLY___ ═
2021-02-04 15:25:23,325 INFO     ___FILE_ONLY___ ═
2021-02-04 15:25:23,325 INFO     ___FILE_ONLY___ ╝

2021-02-04 15:25:23,339 INFO     ___FILE_ONLY___ ╔════════════════════════════════════════════════════════════╗

2021-02-04 15:25:23,340 INFO     ___FILE_ONLY___ ╠═ Installing: anthoscli                                    ═╣

2021-02-04 15:25:23,340 INFO     ___FILE_ONLY___ ╚
2021-02-04 15:25:23,345 INFO     ___FILE_ONLY___ ════════════════════════════════════════════════════════════
2021-02-04 15:25:23,345 INFO     ___FILE_ONLY___ ╝

2021-02-04 15:25:23,349 INFO     ___FILE_ONLY___ ╔════════════════════════════════════════════════════════════╗

2021-02-04 15:25:23,349 INFO     ___FILE_ONLY___ ╠═ Installing: anthoscli                                    ═╣

2021-02-04 15:25:23,349 INFO     ___FILE_ONLY___ ╚
2021-02-04 15:25:23,482 INFO     ___FILE_ONLY___ ═
2021-02-04 15:25:23,492 INFO     ___FILE_ONLY___ ═
2021-02-04 15:25:23,500 INFO     ___FILE_ONLY___ ═
2021-02-04 15:25:23,508 INFO     ___FILE_ONLY___ ═
2021-02-04 15:25:23,515 INFO     ___FILE_ONLY___ ═
2021-02-04 15:25:23,523 INFO     ___FILE_ONLY___ ═
2021-02-04 15:25:23,531 INFO     ___FILE_ONLY___ ═
2021-02-04 15:25:23,539 INFO     ___FILE_ONLY___ ═
2021-02-04 15:25:23,548 INFO     ___FILE_ONLY___ ═
2021-02-04 15:25:23,557 INFO     ___FILE_ONLY___ ═
2021-02-04 15:25:23,565 INFO     ___FILE_ONLY___ ═
2021-02-04 15:25:23,573 INFO     ___FILE_ONLY___ ═
2021-02-04 15:25:23,581 INFO     ___FILE_ONLY___ ═
2021-02-04 15:25:23,591 INFO     ___FILE_ONLY___ ═
2021-02-04 15:25:23,599 INFO     ___FILE_ONLY___ ═
2021-02-04 15:25:23,608 INFO     ___FILE_ONLY___ ═
2021-02-04 15:25:23,616 INFO     ___FILE_ONLY___ ═
2021-02-04 15:25:23,624 INFO     ___FILE_ONLY___ ═
2021-02-04 15:25:23,632 INFO     ___FILE_ONLY___ ═
2021-02-04 15:25:23,640 INFO     ___FILE_ONLY___ ═
2021-02-04 15:25:23,648 INFO     ___FILE_ONLY___ ═
2021-02-04 15:25:23,656 INFO     ___FILE_ONLY___ ═
2021-02-04 15:25:23,665 INFO     ___FILE_ONLY___ ═
2021-02-04 15:25:23,673 INFO     ___FILE_ONLY___ ═
2021-02-04 15:25:23,681 INFO     ___FILE_ONLY___ ═
2021-02-04 15:25:23,689 INFO     ___FILE_ONLY___ ═
2021-02-04 15:25:23,699 INFO     ___FILE_ONLY___ ═
2021-02-04 15:25:23,708 INFO     ___FILE_ONLY___ ═
2021-02-04 15:25:23,718 INFO     ___FILE_ONLY___ ═
2021-02-04 15:25:23,728 INFO     ___FILE_ONLY___ ═
2021-02-04 15:25:25,718 INFO     ___FILE_ONLY___ ══════════
2021-02-04 15:25:25,723 INFO     ___FILE_ONLY___ ═════════
2021-02-04 15:25:25,747 INFO     ___FILE_ONLY___ ═══════════
2021-02-04 15:25:25,748 INFO     ___FILE_ONLY___ ╝

2021-02-04 15:25:25,766 INFO     ___FILE_ONLY___ ╔════════════════════════════════════════════════════════════╗

2021-02-04 15:25:25,766 INFO     ___FILE_ONLY___ ╠═ Installing: gcloud cli dependencies                      ═╣

2021-02-04 15:25:25,766 INFO     ___FILE_ONLY___ ╚
2021-02-04 15:25:25,825 INFO     ___FILE_ONLY___ ══════════════════════════════
2021-02-04 15:25:25,826 INFO     ___FILE_ONLY___ ══════
2021-02-04 15:25:25,826 INFO     ___FILE_ONLY___ ══════
2021-02-04 15:25:25,827 INFO     ___FILE_ONLY___ ══════
2021-02-04 15:25:25,827 INFO     ___FILE_ONLY___ ══════
2021-02-04 15:25:25,828 INFO     ___FILE_ONLY___ ══════
2021-02-04 15:25:25,828 INFO     ___FILE_ONLY___ ╝

2021-02-04 15:25:25,837 INFO     ___FILE_ONLY___ ╔════════════════════════════════════════════════════════════╗

2021-02-04 15:25:25,837 INFO     ___FILE_ONLY___ ╠═ Creating backup and activating new installation          ═╣

2021-02-04 15:25:25,838 INFO     ___FILE_ONLY___ ╚
2021-02-04 15:25:25,838 DEBUG    root            Attempting to move directory [/tools/google-cloud-sdk] to [/tools/google-cloud-sdk.staging/.install/.backup]
2021-02-04 15:25:25,838 INFO     ___FILE_ONLY___ ══════════════════════════════
2021-02-04 15:25:25,838 DEBUG    root            Attempting to move directory [/tools/google-cloud-sdk.staging] to [/tools/google-cloud-sdk]
2021-02-04 15:25:25,838 INFO     ___FILE_ONLY___ ══════════════════════════════
2021-02-04 15:25:25,839 INFO     ___FILE_ONLY___ ╝

2021-02-04 15:25:25,843 DEBUG    root            Updating notification cache...
2021-02-04 15:25:25,844 INFO     ___FILE_ONLY___ 

2021-02-04 15:25:25,848 INFO     ___FILE_ONLY___ Performing post processing steps...
2021-02-04 15:25:25,848 DEBUG    root            Executing command: ['python3', '-S', '/tools/google-cloud-sdk/lib/gcloud.py', 'components', 'post-process']
2021-02-04 15:25:40,849 DEBUG    ___FILE_ONLY___ 
2021-02-04 15:25:40,849 DEBUG    ___FILE_ONLY___ 
2021-02-04 15:25:40,870 INFO     ___FILE_ONLY___ 
Update done!


2021-02-04 15:25:40,876 INFO     root            Display format: "none"
